2024-12-10 15:18:19,283:INFO:Starting PDF processing application...
2024-12-10 15:18:19,294:INFO:Anonymized telemetry enabled. See                     https://docs.trychroma.com/telemetry for more information.
2024-12-10 15:18:19,421:INFO:Chroma DB setup complete.
2024-12-10 15:18:21,102:INFO:Existing documents in Chroma DB: 2301
2024-12-10 15:18:21,103:INFO:Loaded 55 failed PDFs from /Users/ammar/Desktop/ProjectX/failed_pdfs.txt.
2024-12-10 15:18:21,103:INFO:Failed documents in Chroma DB: 55
2024-12-10 15:18:21,103:INFO:Loaded 345 processed PDFs from /Users/ammar/Desktop/ProjectX/processed_pdfs.txt.
2024-12-10 15:18:21,103:INFO:Processed documents in Chroma DB: 345
2024-12-10 15:18:21,108:INFO:Total PDFs in directory: 400
2024-12-10 15:18:21,108:INFO:New PDFs to process: 0
2024-12-10 15:18:21,108:INFO:No new PDFs to process. Skipping text extraction and storage.
2024-12-10 15:18:21,108:ERROR:Error persisting Chroma DB to disk: 'Client' object has no attribute 'persist'
2024-12-10 15:19:15,015:INFO:Searching for 'Reinforcement Learning'...
2024-12-10 15:19:16,769:INFO:Opened PDF: /Users/ammar/Downloads/RLbook2020.pdf
2024-12-10 15:19:16,863:INFO:Opened PDF: /Users/ammar/Downloads/make-04-00009-v2.pdf
2024-12-10 15:19:16,966:INFO:Opened PDF: /Users/ammar/Downloads/2412.05265v1.pdf
2024-12-10 15:19:16,966:INFO:Application finished successfully.
2024-12-10 15:48:18,645:INFO:Anonymized telemetry enabled. See                     https://docs.trychroma.com/telemetry for more information.
2024-12-10 15:48:21,718:INFO:Opened PDF: /Users/ammar/Downloads/RLbook2020.pdf
2024-12-10 15:48:21,815:INFO:Opened PDF: /Users/ammar/Downloads/make-04-00009-v2.pdf
2024-12-10 15:48:22,053:INFO:Opened PDF: /Users/ammar/Downloads/2412.05265v1.pdf
2024-12-10 15:50:36,953:INFO:Anonymized telemetry enabled. See                     https://docs.trychroma.com/telemetry for more information.
2024-12-10 15:50:38,800:INFO:Opened PDF: /Users/ammar/Downloads/RLbook2020.pdf
2024-12-10 15:50:38,920:INFO:Opened PDF: /Users/ammar/Downloads/make-04-00009-v2.pdf
2024-12-10 15:50:39,041:INFO:Opened PDF: /Users/ammar/Downloads/2412.05265v1.pdf
2024-12-10 15:51:20,979:INFO:Opened PDF: /Users/ammar/Downloads/1656389673.pdf
2024-12-10 15:51:35,017:INFO:Opened PDF: /Users/ammar/Downloads/passportbio.pdf
2024-12-10 15:51:35,122:INFO:Opened PDF: /Users/ammar/Downloads/1656389673.pdf
2024-12-10 15:51:50,466:INFO:Opened PDF: /Users/ammar/Downloads/passportbio.pdf
2024-12-10 15:51:50,605:INFO:Opened PDF: /Users/ammar/Downloads/1656389673.pdf
2024-12-10 15:55:09,988:INFO:Opened PDF: /Users/ammar/Downloads/RLbook2020.pdf
2024-12-10 15:55:10,093:INFO:Opened PDF: /Users/ammar/Downloads/make-04-00009-v2.pdf
2024-12-10 15:55:10,247:INFO:Opened PDF: /Users/ammar/Downloads/2412.05265v1.pdf
2024-12-10 23:30:33,102:INFO:Anonymized telemetry enabled. See                     https://docs.trychroma.com/telemetry for more information.
2024-12-10 23:30:35,749:INFO:Opened PDF: /Users/ammar/Downloads/RLbook2020.pdf
2024-12-10 23:30:35,851:INFO:Opened PDF: /Users/ammar/Downloads/make-04-00009-v2.pdf
2024-12-10 23:30:35,930:INFO:Opened PDF: /Users/ammar/Downloads/2412.05265v1.pdf
2024-12-11 13:49:57,464:INFO:Anonymized telemetry enabled. See                     https://docs.trychroma.com/telemetry for more information.
2024-12-11 13:50:00,146:INFO:Opened PDF: /Users/ammar/Downloads/Alexander Zai, Brandon Brown - Deep Reinforcement Learning in Action (2020, Manning Publications) - libgen.li.pdf
2024-12-11 13:50:00,244:INFO:Opened PDF: /Users/ammar/Downloads/3D_Printer_Prj.pdf.pdf
2024-12-11 13:50:00,597:INFO:Opened PDF: /Users/ammar/Downloads/ebin.pub_deep-learning-for-vision-systems-1nbsped-1617296198-9781617296192.pdf
2024-12-11 13:50:00,730:INFO:Opened PDF: /Users/ammar/Downloads/Database_System_Concepts_6e_By_Abraham_S.pdf
2024-12-11 13:50:00,855:INFO:Opened PDF: /Users/ammar/Downloads/receipt_Chapter.pdf.pdf
2024-12-11 13:50:31,775:INFO:Opened PDF: /Users/ammar/Downloads/ebin.pub_deep-learning-for-vision-systems-1nbsped-1617296198-9781617296192.pdf
2024-12-11 13:50:31,872:INFO:Opened PDF: /Users/ammar/Downloads/pdfcoffee.com_deep-learning-17-pdf-free.pdf
2024-12-11 13:50:31,952:INFO:Opened PDF: /Users/ammar/Downloads/978-3-319-62533-1.pdf
2024-12-11 13:51:29,709:INFO:Opened PDF: /Users/ammar/Downloads/ebin.pub_deep-learning-for-vision-systems-1nbsped-1617296198-9781617296192.pdf
2024-12-11 13:51:29,803:INFO:Opened PDF: /Users/ammar/Downloads/pdfcoffee.com_deep-learning-17-pdf-free.pdf
2024-12-11 13:51:29,883:INFO:Opened PDF: /Users/ammar/Downloads/2305.06329v3.pdf
2024-12-11 13:51:29,964:INFO:Opened PDF: /Users/ammar/Downloads/Pang-Ning Tan - Introduction to Data Mining-Pearson Education Limited (2019).pdf
2024-12-11 13:52:12,259:INFO:Opened PDF: /Users/ammar/Downloads/1656389673.pdf
2024-12-11 13:52:12,411:INFO:Opened PDF: /Users/ammar/Downloads/Aqib & Bushra.pdf
2024-12-11 13:52:43,655:INFO:Opened PDF: /Users/ammar/Downloads/2407.08406v1.pdf
2024-12-11 13:52:43,758:INFO:Opened PDF: /Users/ammar/Downloads/Elsevier_s_CAS_LaTeX_Single_Column_Template-1.pdf
2024-12-11 13:52:43,854:INFO:Opened PDF: /Users/ammar/Downloads/Cyber_Springer.pdf
2024-12-11 13:52:43,960:INFO:Opened PDF: /Users/ammar/Downloads/Elsevier_s_CAS_LaTeX_Single_Column_Template.pdf
2024-12-11 13:52:44,070:INFO:Opened PDF: /Users/ammar/Downloads/Elsevier_s_CAS_LaTeX_Single_Column_Template-2.pdf
2024-12-11 13:53:25,314:INFO:Opened PDF: /Users/ammar/Downloads/multi-agent-reinforcement-learning-book.pdf
2024-12-11 14:15:24,667:INFO:Opened PDF: /Users/ammar/Downloads/WaterInsight.pdf
2024-12-11 14:15:24,763:INFO:Opened PDF: /Users/ammar/Downloads/1656389673.pdf
2024-12-11 14:21:03,061:INFO:Opened PDF: /Users/ammar/Downloads/WaterInsight.pdf
2024-12-11 14:21:03,178:INFO:Opened PDF: /Users/ammar/Downloads/1656389673.pdf
2025-01-01 16:13:54,659:INFO:Anonymized telemetry enabled. See                     https://docs.trychroma.com/telemetry for more information.
2025-01-01 16:13:57,296:INFO:Opened PDF: /Users/ammar/Downloads/RLbook2020.pdf
2025-01-01 16:13:57,406:INFO:Opened PDF: /Users/ammar/Downloads/make-04-00009-v2.pdf
2025-01-01 16:13:57,849:INFO:Opened PDF: /Users/ammar/Downloads/2412.05265v1.pdf
2025-11-18 18:36:37,527:INFO:Anonymized telemetry enabled. See                     https://docs.trychroma.com/telemetry for more information.
2025-11-18 18:36:38,536:INFO:Loaded 55 failed PDFs from /Users/ammar/Desktop/ProjectX/failed_pdfs.txt.
2025-11-18 18:36:38,536:INFO:Loaded 345 processed PDFs from /Users/ammar/Desktop/ProjectX/processed_pdfs.txt.
2025-11-18 18:37:56,505:INFO:Loaded 55 failed PDFs from /Users/ammar/Desktop/ProjectX/failed_pdfs.txt.
2025-11-18 18:37:56,506:INFO:Loaded 345 processed PDFs from /Users/ammar/Desktop/ProjectX/processed_pdfs.txt.
2025-11-18 18:40:30,087:INFO:Anonymized telemetry enabled. See                     https://docs.trychroma.com/telemetry for more information.
2025-11-18 18:40:30,179:INFO:Loaded 55 failed PDFs from /Users/ammar/Desktop/ProjectX/failed_pdfs.txt.
2025-11-18 18:40:30,180:INFO:Loaded 345 processed PDFs from /Users/ammar/Desktop/ProjectX/processed_pdfs.txt.
2025-11-18 18:41:55,954:INFO:Anonymized telemetry enabled. See                     https://docs.trychroma.com/telemetry for more information.
2025-11-18 18:41:56,040:INFO:Loaded 55 failed PDFs from /Users/ammar/Desktop/ProjectX/failed_pdfs.txt.
2025-11-18 18:41:56,041:INFO:Loaded 345 processed PDFs from /Users/ammar/Desktop/ProjectX/processed_pdfs.txt.
2025-11-18 18:41:57,674:INFO:Processed Nonimmigrant Visa - Confirmation Page.pdf: 1 chunks created.
2025-11-18 18:41:57,675:WARNING:Ignoring wrong pointing object 6 0 (offset 0)
2025-11-18 18:41:57,675:WARNING:Ignoring wrong pointing object 8 0 (offset 0)
2025-11-18 18:41:57,675:WARNING:Ignoring wrong pointing object 10 0 (offset 0)
2025-11-18 18:41:57,675:WARNING:Ignoring wrong pointing object 12 0 (offset 0)
2025-11-18 18:41:57,675:WARNING:Ignoring wrong pointing object 14 0 (offset 0)
2025-11-18 18:41:57,675:WARNING:Ignoring wrong pointing object 16 0 (offset 0)
2025-11-18 18:41:57,675:WARNING:Ignoring wrong pointing object 19 0 (offset 0)
2025-11-18 18:41:57,675:WARNING:Ignoring wrong pointing object 21 0 (offset 0)
2025-11-18 18:41:57,675:WARNING:Ignoring wrong pointing object 23 0 (offset 0)
2025-11-18 18:41:57,675:WARNING:Ignoring wrong pointing object 28 0 (offset 0)
2025-11-18 18:41:57,675:WARNING:Ignoring wrong pointing object 30 0 (offset 0)
2025-11-18 18:41:57,707:INFO:Processed cs5800_hw3-1.pdf: 1 chunks created.
2025-11-18 18:41:57,752:INFO:Processed Account_stmt_XX9806_07072025.pdf: 1 chunks created.
2025-11-18 18:41:57,753:WARNING:No text found in Adobe Scan 9 Mar 2024.pdf. Skipping.
2025-11-18 18:41:57,755:WARNING:Ignoring wrong pointing object 8 0 (offset 0)
2025-11-18 18:41:57,755:WARNING:Ignoring wrong pointing object 10 0 (offset 0)
2025-11-18 18:41:57,755:WARNING:Ignoring wrong pointing object 13 0 (offset 0)
2025-11-18 18:41:57,755:WARNING:Ignoring wrong pointing object 16 0 (offset 0)
2025-11-18 18:41:57,775:INFO:Processed I-94.pdf: 1 chunks created.
2025-11-18 18:41:57,819:INFO:Processed maths_overleaf_approach.pdf: 1 chunks created.
2025-11-18 18:41:57,850:INFO:Processed affidavit to verify massachusetts residency.pdf: 1 chunks created.
2025-11-18 18:41:58,235:INFO:Processed HealthReport.pdf: 1 chunks created.
2025-11-18 18:41:58,241:INFO:Processed 1513386512799-13185820273-ticket.pdf: 1 chunks created.
2025-11-18 18:41:58,321:INFO:Processed Passport Back 2.pdf: 1 chunks created.
2025-11-18 18:41:58,345:INFO:Processed Electronically_Signed_I-20_unlocked.pdf: 1 chunks created.
2025-11-18 18:41:58,566:INFO:Processed 002997737_Northeastern-University-Student-Health-Plan_BCE_Final_SOB.pdf: 2 chunks created.
2025-11-18 18:41:58,570:INFO:Processed Adhaar.pdf: 1 chunks created.
2025-11-18 18:42:00,255:INFO:Processed Reinforcement_Learning_Driven_Integrated_Detection_and_Mitigation_of_UAV_GPS_Spoofing_Attacks.pdf: 6 chunks created.
2025-11-18 18:42:42,587:INFO:Processed Cormen Introduction to Algorithms.pdf: 130 chunks created.
2025-11-18 18:42:43,315:INFO:Processed Packing_List-1.pdf: 3 chunks created.
2025-11-18 18:42:43,325:INFO:Processed Membership | UNIQLO US.pdf: 1 chunks created.
2025-11-18 18:42:43,482:INFO:Processed Passport-mom.pdf: 1 chunks created.
2025-11-18 18:42:44,045:INFO:Processed 2506.24119v2.pdf: 5 chunks created.
2025-11-18 18:42:44,280:INFO:Processed tufts medical plan.pdf: 2 chunks created.
2025-11-18 18:42:44,282:WARNING:Ignoring wrong pointing object 41 0 (offset 0)
2025-11-18 18:42:44,282:WARNING:Ignoring wrong pointing object 42 0 (offset 0)
2025-11-18 18:42:44,299:INFO:Processed Hough_line_corner_detector.pdf: 1 chunks created.
2025-11-18 18:42:44,471:INFO:Processed Registration Frequently Asked Questions (2).pdf: 1 chunks created.
2025-11-18 18:42:44,473:WARNING:Ignoring wrong pointing object 6 0 (offset 0)
2025-11-18 18:42:44,473:WARNING:Ignoring wrong pointing object 8 0 (offset 0)
2025-11-18 18:42:44,473:WARNING:Ignoring wrong pointing object 10 0 (offset 0)
2025-11-18 18:42:44,473:WARNING:Ignoring wrong pointing object 12 0 (offset 0)
2025-11-18 18:42:44,473:WARNING:Ignoring wrong pointing object 14 0 (offset 0)
2025-11-18 18:42:44,473:WARNING:Ignoring wrong pointing object 16 0 (offset 0)
2025-11-18 18:42:44,473:WARNING:Ignoring wrong pointing object 19 0 (offset 0)
2025-11-18 18:42:44,473:WARNING:Ignoring wrong pointing object 21 0 (offset 0)
2025-11-18 18:42:44,474:WARNING:Ignoring wrong pointing object 23 0 (offset 0)
2025-11-18 18:42:44,474:WARNING:Ignoring wrong pointing object 27 0 (offset 0)
2025-11-18 18:42:44,474:WARNING:Ignoring wrong pointing object 31 0 (offset 0)
2025-11-18 18:42:44,496:INFO:Processed cs5800_hw4.pdf: 1 chunks created.
2025-11-18 18:42:44,498:INFO:Processed HuskyCard 2.pdf: 1 chunks created.
2025-11-18 18:42:44,573:INFO:Processed Visa.pdf: 1 chunks created.
2025-11-18 18:42:44,632:INFO:Processed MohammadAmmar_HW1.pdf: 1 chunks created.
2025-11-18 18:42:44,633:WARNING:Ignoring wrong pointing object 6 0 (offset 0)
2025-11-18 18:42:44,633:WARNING:Ignoring wrong pointing object 8 0 (offset 0)
2025-11-18 18:42:44,633:WARNING:Ignoring wrong pointing object 10 0 (offset 0)
2025-11-18 18:42:44,634:WARNING:Ignoring wrong pointing object 12 0 (offset 0)
2025-11-18 18:42:44,634:WARNING:Ignoring wrong pointing object 14 0 (offset 0)
2025-11-18 18:42:44,634:WARNING:Ignoring wrong pointing object 16 0 (offset 0)
2025-11-18 18:42:44,634:WARNING:Ignoring wrong pointing object 19 0 (offset 0)
2025-11-18 18:42:44,634:WARNING:Ignoring wrong pointing object 21 0 (offset 0)
2025-11-18 18:42:44,634:WARNING:Ignoring wrong pointing object 23 0 (offset 0)
2025-11-18 18:42:44,634:WARNING:Ignoring wrong pointing object 28 0 (offset 0)
2025-11-18 18:42:44,675:INFO:Processed cs5800_hw5.pdf: 1 chunks created.
2025-11-18 18:42:44,677:WARNING:No text found in healthcard.pdf. Skipping.
2025-11-18 18:42:44,731:INFO:Processed MoA Pre Incubation Agreement AMUIF (03-04-2025).pdf: 1 chunks created.
2025-11-18 18:42:45,235:INFO:Processed Lease.pdf: 5 chunks created.
2025-11-18 18:42:46,473:INFO:Processed April-OGS-Pre-Arrival-Handbook.pdf (2).pdf: 2 chunks created.
2025-11-18 18:42:46,563:INFO:Processed MMR.pdf: 1 chunks created.
2025-11-18 18:42:46,574:INFO:Processed 20250717_1206443829687.pdf: 1 chunks created.
2025-11-18 18:42:47,956:INFO:Processed Reinforcement-Learning-Driven_Integrated_Detection_and_Mitigation_of_UAV_GPS_Spoofing_Attacks.pdf: 5 chunks created.
2025-11-18 18:42:47,982:INFO:Processed No Objection Certificate (NOC).pdf: 1 chunks created.
2025-11-18 18:42:47,984:WARNING:Ignoring wrong pointing object 6 0 (offset 0)
2025-11-18 18:42:47,984:WARNING:Ignoring wrong pointing object 8 0 (offset 0)
2025-11-18 18:42:47,984:WARNING:Ignoring wrong pointing object 10 0 (offset 0)
2025-11-18 18:42:47,984:WARNING:Ignoring wrong pointing object 12 0 (offset 0)
2025-11-18 18:42:47,984:WARNING:Ignoring wrong pointing object 14 0 (offset 0)
2025-11-18 18:42:47,984:WARNING:Ignoring wrong pointing object 16 0 (offset 0)
2025-11-18 18:42:47,984:WARNING:Ignoring wrong pointing object 19 0 (offset 0)
2025-11-18 18:42:47,984:WARNING:Ignoring wrong pointing object 21 0 (offset 0)
2025-11-18 18:42:47,984:WARNING:Ignoring wrong pointing object 23 0 (offset 0)
2025-11-18 18:42:47,984:WARNING:Ignoring wrong pointing object 25 0 (offset 0)
2025-11-18 18:42:47,984:WARNING:Ignoring wrong pointing object 29 0 (offset 0)
2025-11-18 18:42:48,007:INFO:Processed cs5800_hw2.pdf: 1 chunks created.
2025-11-18 18:42:48,016:INFO:Processed Nonimmigrant Visa - Print Application ID.pdf: 1 chunks created.
2025-11-18 18:42:51,643:INFO:Processed Python 3 Object-Oriented Programming Second edition Dusty Phillips.pdf: 44 chunks created.
2025-11-18 18:42:51,723:INFO:Processed CoverLetter.pdf: 1 chunks created.
2025-11-18 18:42:53,024:INFO:Processed DRM Q&A.pdf: 6 chunks created.
2025-11-18 18:42:53,026:INFO:Processed HuskyCard.pdf: 1 chunks created.
2025-11-18 18:42:53,390:INFO:Processed JRSS88.pdf: 8 chunks created.
2025-11-18 18:42:53,392:ERROR:Error processing Electronically_Signed_I-20.pdf: cryptography>=3.1 is required for AES algorithm. Skipping.
2025-11-18 18:42:53,421:INFO:Processed NTR328560615_auth_letter.pdf: 1 chunks created.
2025-11-18 18:42:53,698:INFO:Processed Major Project Report Final.pdf: 2 chunks created.
2025-11-18 18:42:53,967:INFO:Processed 52_From_Rules_to_Pixels_A_Deco.pdf: 2 chunks created.
2025-11-18 18:42:54,044:INFO:Processed papa-passport.pdf: 1 chunks created.
2025-11-18 18:43:26,874:INFO:Processed Artificial Intelligence - A Modern Approach (3rd Edition).pdf: 178 chunks created.
2025-11-18 18:43:27,002:INFO:Processed Your Electronic Receipt.pdf: 1 chunks created.
2025-11-18 18:43:27,008:INFO:Processed Transfer_Details.pdf: 1 chunks created.
2025-11-18 18:43:27,084:INFO:Processed EmiratesTicket1.pdf: 1 chunks created.
2025-11-18 18:43:27,646:INFO:Processed AI for Productivity Workshop_ A Comprehensive Guid.pdf: 2 chunks created.
2025-11-18 18:43:28,271:INFO:Processed Correlation & Regression 2.pdf: 2 chunks created.
2025-11-18 18:43:28,400:INFO:Processed MS-ARIN_ Artificial Intelligence, MS (Boston) Curriculum.pdf: 1 chunks created.
2025-11-18 18:43:28,402:WARNING:Ignoring wrong pointing object 6 0 (offset 0)
2025-11-18 18:43:28,402:WARNING:Ignoring wrong pointing object 8 0 (offset 0)
2025-11-18 18:43:28,402:WARNING:Ignoring wrong pointing object 10 0 (offset 0)
2025-11-18 18:43:28,402:WARNING:Ignoring wrong pointing object 12 0 (offset 0)
2025-11-18 18:43:28,402:WARNING:Ignoring wrong pointing object 14 0 (offset 0)
2025-11-18 18:43:28,402:WARNING:Ignoring wrong pointing object 16 0 (offset 0)
2025-11-18 18:43:28,402:WARNING:Ignoring wrong pointing object 18 0 (offset 0)
2025-11-18 18:43:28,402:WARNING:Ignoring wrong pointing object 20 0 (offset 0)
2025-11-18 18:43:28,403:WARNING:Ignoring wrong pointing object 22 0 (offset 0)
2025-11-18 18:43:28,403:WARNING:Ignoring wrong pointing object 28 0 (offset 0)
2025-11-18 18:43:28,403:WARNING:Ignoring wrong pointing object 31 0 (offset 0)
2025-11-18 18:43:28,432:INFO:Processed CS5100_Assignment_4.pdf: 1 chunks created.
2025-11-18 18:43:28,595:INFO:Processed CV_July_2025.pdf: 1 chunks created.
2025-11-18 18:43:28,657:INFO:Processed SOP_UConn.pdf: 1 chunks created.
2025-11-18 18:43:28,668:INFO:Processed SentryMD-2.pdf: 1 chunks created.
2025-11-18 18:43:28,749:INFO:Processed Passport Back.pdf: 1 chunks created.
2025-11-18 18:43:28,839:INFO:Processed NU Health Report 25-26n Final.pdf: 1 chunks created.
2025-11-18 18:43:28,841:WARNING:Ignoring wrong pointing object 7 0 (offset 0)
2025-11-18 18:43:28,841:WARNING:Ignoring wrong pointing object 10 0 (offset 0)
2025-11-18 18:43:28,841:WARNING:Ignoring wrong pointing object 12 0 (offset 0)
2025-11-18 18:43:28,841:WARNING:Ignoring wrong pointing object 14 0 (offset 0)
2025-11-18 18:43:28,841:WARNING:Ignoring wrong pointing object 17 0 (offset 0)
2025-11-18 18:43:28,841:WARNING:Ignoring wrong pointing object 19 0 (offset 0)
2025-11-18 18:43:29,269:INFO:Processed 7_Backprop_Export.pdf: 1 chunks created.
2025-11-18 18:43:29,428:INFO:Processed Degree-Certificate.pdf: 1 chunks created.
2025-11-18 18:43:29,441:INFO:Processed SentryMD.pdf: 1 chunks created.
2025-11-18 18:43:29,515:INFO:Processed 84mtpleasant.pdf: 1 chunks created.
2025-11-18 18:43:29,562:INFO:Processed Mohammad_Ammar_HW3.pdf: 1 chunks created.
2025-11-18 18:43:29,621:INFO:Processed Mohammad_Ammar_HW2.pdf: 1 chunks created.
2025-11-18 18:43:35,061:INFO:Processed tufts medical plan - complete handbook.pdf: 25 chunks created.
2025-11-18 18:43:35,118:INFO:Processed Planning-Document-1-2.pdf: 1 chunks created.
2025-11-18 18:43:35,195:INFO:Processed papa-passportback.pdf: 1 chunks created.
2025-11-18 18:43:35,200:INFO:Processed I901_payment_confirmation_04162025.PDF: 1 chunks created.
2025-11-18 18:43:35,285:INFO:Processed NTR328560615_receipt.pdf: 1 chunks created.
2025-11-18 18:43:35,289:WARNING:Ignoring wrong pointing object 6 0 (offset 0)
2025-11-18 18:43:35,289:WARNING:Ignoring wrong pointing object 8 0 (offset 0)
2025-11-18 18:43:35,289:WARNING:Ignoring wrong pointing object 10 0 (offset 0)
2025-11-18 18:43:35,289:WARNING:Ignoring wrong pointing object 12 0 (offset 0)
2025-11-18 18:43:35,289:WARNING:Ignoring wrong pointing object 14 0 (offset 0)
2025-11-18 18:43:35,289:WARNING:Ignoring wrong pointing object 16 0 (offset 0)
2025-11-18 18:43:35,289:WARNING:Ignoring wrong pointing object 18 0 (offset 0)
2025-11-18 18:43:35,289:WARNING:Ignoring wrong pointing object 20 0 (offset 0)
2025-11-18 18:43:35,289:WARNING:Ignoring wrong pointing object 23 0 (offset 0)
2025-11-18 18:43:35,289:WARNING:Ignoring wrong pointing object 25 0 (offset 0)
2025-11-18 18:43:35,289:WARNING:Ignoring wrong pointing object 57 0 (offset 0)
2025-11-18 18:43:35,290:WARNING:Ignoring wrong pointing object 60 0 (offset 0)
2025-11-18 18:43:35,290:WARNING:Ignoring wrong pointing object 67 0 (offset 0)
2025-11-18 18:43:35,361:INFO:Processed CS5100_Assignment_1-2.pdf: 1 chunks created.
2025-11-18 18:43:35,519:INFO:Processed papa-passport_merged.pdf: 1 chunks created.
2025-11-18 18:43:35,571:INFO:Processed Mohammad_Ammar_HW1.pdf: 1 chunks created.
2025-11-18 18:43:35,865:INFO:Processed 125971771.pdf: 2 chunks created.
2025-11-18 18:43:35,866:WARNING:Ignoring wrong pointing object 8 0 (offset 0)
2025-11-18 18:43:35,866:WARNING:Ignoring wrong pointing object 10 0 (offset 0)
2025-11-18 18:43:35,866:WARNING:Ignoring wrong pointing object 13 0 (offset 0)
2025-11-18 18:43:35,866:WARNING:Ignoring wrong pointing object 16 0 (offset 0)
2025-11-18 18:43:35,886:INFO:Processed I-94-Latest.pdf: 1 chunks created.
2025-11-18 18:43:35,917:INFO:Processed NTR204022807_auth_letter.pdf: 1 chunks created.
2025-11-18 18:43:36,252:INFO:Processed sensors-25-02107.pdf: 4 chunks created.
2025-11-18 18:43:36,253:WARNING:No text found in signature-mom.pdf. Skipping.
2025-11-18 18:43:36,293:INFO:Processed Mohammad_Ammar_HW5.pdf: 1 chunks created.
2025-11-18 18:43:36,328:INFO:Processed Mohammad_Ammar_HW4.pdf: 1 chunks created.
2025-11-18 18:43:36,396:INFO:Processed CoverLetter ML Eng.pdf: 1 chunks created.
2025-11-18 18:43:36,459:INFO:Processed Mohammad.Ammar.HW2.pdf: 1 chunks created.
2025-11-18 18:43:36,522:INFO:Processed Mohammad_Ammar_HW6.pdf: 1 chunks created.
2025-11-18 18:43:36,524:WARNING:Ignoring wrong pointing object 9 0 (offset 0)
2025-11-18 18:43:36,584:INFO:Processed ViewBill.pdf: 1 chunks created.
2025-11-18 18:43:36,585:INFO:Added 4 failed PDFs to /Users/ammar/Desktop/ProjectX/failed_pdfs.txt.
2025-11-18 18:43:51,116:INFO:Added documents 1 to 496 out of 496.
2025-11-18 18:43:51,117:INFO:Stored 496 new PDF chunks in Chroma DB.
2025-11-18 18:43:51,118:INFO:Added 81 processed PDFs to /Users/ammar/Desktop/ProjectX/processed_pdfs.txt.
2025-11-18 18:45:18,020:INFO:Opened PDF: /Users/ammar/Downloads/Artificial Intelligence - A Modern Approach (3rd Edition).pdf
2025-11-18 18:45:18,069:INFO:Opened PDF: /Users/ammar/Downloads/Reinforcement_Learning_Driven_Integrated_Detection_and_Mitigation_of_UAV_GPS_Spoofing_Attacks.pdf
2025-11-18 18:45:18,307:INFO:Opened PDF: /Users/ammar/Downloads/SOP_UConn.pdf
2025-11-18 18:45:18,428:INFO:Opened PDF: /Users/ammar/Downloads/Reinforcement-Learning-Driven_Integrated_Detection_and_Mitigation_of_UAV_GPS_Spoofing_Attacks.pdf
2025-11-18 18:47:58,697:INFO:Anonymized telemetry enabled. See                     https://docs.trychroma.com/telemetry for more information.
2025-11-18 18:47:58,965:INFO:Loaded 59 failed PDFs from /Users/ammar/Desktop/ProjectX/failed_pdfs.txt.
2025-11-18 18:47:58,966:INFO:Loaded 426 processed PDFs from /Users/ammar/Desktop/ProjectX/processed_pdfs.txt.
2025-11-18 18:48:17,525:INFO:Opened PDF: /Users/ammar/Downloads/Cormen Introduction to Algorithms.pdf
2025-11-18 18:57:46,507:INFO:Anonymized telemetry enabled. See                     https://docs.trychroma.com/telemetry for more information.
2025-11-18 18:57:46,780:INFO:Loaded 59 failed PDFs from /Users/ammar/Desktop/ProjectX/failed_pdfs.txt.
2025-11-18 18:57:46,780:INFO:Loaded 426 processed PDFs from /Users/ammar/Desktop/ProjectX/processed_pdfs.txt.
2025-11-18 18:57:57,364:INFO:Opened PDF: /Users/ammar/Downloads/Cormen Introduction to Algorithms.pdf
2025-11-18 19:18:32,572:INFO:Anonymized telemetry enabled. See                     https://docs.trychroma.com/telemetry for more information.
2025-11-18 19:18:32,854:INFO:Loaded 59 failed PDFs from /Users/ammar/Desktop/ProjectX/failed_pdfs.txt.
2025-11-18 19:18:32,855:INFO:Loaded 426 processed PDFs from /Users/ammar/Desktop/ProjectX/processed_pdfs.txt.
2025-11-18 19:19:40,157:INFO:Loaded 59 failed PDFs from /Users/ammar/Desktop/ProjectX/failed_pdfs.txt.
2025-11-18 19:19:40,158:INFO:Loaded 426 processed PDFs from /Users/ammar/Desktop/ProjectX/processed_pdfs.txt.
2025-11-18 19:33:25,541:INFO:Anonymized telemetry enabled. See                     https://docs.trychroma.com/telemetry for more information.
2025-11-18 19:33:25,690:INFO:Loaded 59 failed PDFs from /Users/ammar/Desktop/ProjectX/failed_pdfs.txt.
2025-11-18 19:33:25,691:INFO:Loaded 426 processed PDFs from /Users/ammar/Desktop/ProjectX/processed_pdfs.txt.
2025-11-18 19:33:39,396:INFO:Loaded 59 failed PDFs from /Users/ammar/Desktop/ProjectX/failed_pdfs.txt.
2025-11-18 19:33:39,396:INFO:Loaded 426 processed PDFs from /Users/ammar/Desktop/ProjectX/processed_pdfs.txt.
2025-11-18 20:06:39,703:INFO:Anonymized telemetry enabled. See                     https://docs.trychroma.com/telemetry for more information.
2025-11-18 20:06:40,003:INFO:Loaded 59 failed PDFs from /Users/ammar/Desktop/ProjectX/failed_pdfs.txt.
2025-11-18 20:06:40,004:INFO:Loaded 426 processed PDFs from /Users/ammar/Desktop/ProjectX/processed_pdfs.txt.
2025-11-18 20:12:40,477:INFO:Anonymized telemetry enabled. See                     https://docs.trychroma.com/telemetry for more information.
2025-11-18 20:12:40,642:INFO:Loaded 59 failed PDFs from /Users/ammar/Desktop/ProjectX/failed_pdfs.txt.
2025-11-18 20:12:40,643:INFO:Loaded 426 processed PDFs from /Users/ammar/Desktop/ProjectX/processed_pdfs.txt.
2025-11-18 20:12:40,643:INFO:Creating and saving BM25 model...
2025-11-18 20:12:41,071:INFO:BM25 model created and saved.
2025-11-18 20:12:53,280:INFO:Performing hybrid search...
2025-11-18 20:12:53,280:INFO:Performing ChromaDB search for query: 'Reinforcement Learning'
2025-11-18 20:12:53,628:INFO:ChromaDB search returned 5 results.
2025-11-18 20:12:53,628:INFO:Performing BM25 search for query: 'Reinforcement Learning'
2025-11-18 20:12:53,629:INFO:BM25 search returned 5 results.
2025-11-18 20:12:53,630:INFO:Hybrid search returned 5 results.
2025-11-18 20:17:10,517:INFO:Anonymized telemetry enabled. See                     https://docs.trychroma.com/telemetry for more information.
2025-11-18 20:17:10,667:INFO:Loaded 59 failed PDFs from /Users/ammar/Desktop/ProjectX/failed_pdfs.txt.
2025-11-18 20:17:10,667:INFO:Loaded 426 processed PDFs from /Users/ammar/Desktop/ProjectX/processed_pdfs.txt.
2025-11-18 20:17:19,194:INFO:Performing hybrid search...
2025-11-18 20:17:19,194:INFO:Performing ChromaDB search for query: 'Reinforcement Learning'
2025-11-18 20:17:19,483:INFO:ChromaDB search returned 5 results.
2025-11-18 20:17:19,483:INFO:Performing BM25 search for query: 'Reinforcement Learning'
2025-11-18 20:17:19,485:INFO:BM25 search returned 5 results.
2025-11-18 20:17:19,486:INFO:Hybrid search returned 5 results.
2025-11-18 20:17:19,740:INFO:Opened PDF: /Users/ammar/Downloads/SOP_UConn.pdf
2025-11-18 20:17:19,819:INFO:Opened PDF: /Users/ammar/Downloads/Artificial Intelligence - A Modern Approach (3rd Edition).pdf
2025-11-18 20:17:19,942:INFO:Opened PDF: /Users/ammar/Downloads/Reinforcement_Learning_Driven_Integrated_Detection_and_Mitigation_of_UAV_GPS_Spoofing_Attacks.pdf
2025-11-18 20:17:20,039:INFO:Opened PDF: /Users/ammar/Downloads/Reinforcement-Learning-Driven_Integrated_Detection_and_Mitigation_of_UAV_GPS_Spoofing_Attacks.pdf
2025-11-18 20:20:16,123:INFO:Anonymized telemetry enabled. See                     https://docs.trychroma.com/telemetry for more information.
2025-11-18 20:20:16,423:INFO:Loaded 59 failed PDFs from /Users/ammar/Desktop/ProjectX/failed_pdfs.txt.
2025-11-18 20:20:16,423:INFO:Loaded 426 processed PDFs from /Users/ammar/Desktop/ProjectX/processed_pdfs.txt.
2025-11-18 20:20:46,498:INFO:Performing hybrid search...
2025-11-18 20:20:46,498:INFO:Performing ChromaDB search for query: 'reinforcement learning'
2025-11-18 20:20:46,789:INFO:ChromaDB search returned 5 results.
2025-11-18 20:20:46,789:INFO:Performing BM25 search for query: 'reinforcement learning'
2025-11-18 20:20:46,790:INFO:BM25 search returned 5 results.
2025-11-18 20:20:46,791:INFO:Hybrid search returned 5 results.
2025-11-18 20:20:46,943:INFO:Opened PDF: /Users/ammar/Downloads/Reinforcement_Learning_Driven_Integrated_Detection_and_Mitigation_of_UAV_GPS_Spoofing_Attacks.pdf
2025-11-18 20:20:47,029:INFO:Opened PDF: /Users/ammar/Downloads/Reinforcement-Learning-Driven_Integrated_Detection_and_Mitigation_of_UAV_GPS_Spoofing_Attacks.pdf
2025-11-18 20:20:47,104:INFO:Opened PDF: /Users/ammar/Downloads/Artificial Intelligence - A Modern Approach (3rd Edition).pdf
2025-11-18 20:20:47,173:INFO:Opened PDF: /Users/ammar/Downloads/SOP_UConn.pdf
2025-11-18 20:35:42,764:INFO:Anonymized telemetry enabled. See                     https://docs.trychroma.com/telemetry for more information.
2025-11-18 20:35:43,068:INFO:Loaded 59 failed PDFs from /Users/ammar/Desktop/ProjectX/failed_pdfs.txt.
2025-11-18 20:35:43,069:INFO:Loaded 426 processed PDFs from /Users/ammar/Desktop/ProjectX/processed_pdfs.txt.
2025-11-18 20:35:43,655:INFO:Processed 2402.09353v6.pdf: 4 chunks created.
2025-11-18 20:35:44,133:INFO:Added documents 1 to 4 out of 4.
2025-11-18 20:35:44,133:INFO:Stored 4 new PDF chunks in Chroma DB.
2025-11-18 20:35:44,133:INFO:Added 1 processed PDFs to /Users/ammar/Desktop/ProjectX/processed_pdfs.txt.
2025-11-18 20:35:44,133:INFO:Creating and saving BM25 model...
2025-11-18 20:35:44,566:INFO:BM25 model created and saved.
2025-11-18 20:36:13,547:INFO:Performing hybrid search...
2025-11-18 20:36:13,547:INFO:Performing ChromaDB search for query: 'Weight decomposed low rank adaptation'
2025-11-18 20:36:13,705:INFO:ChromaDB search returned 5 results.
2025-11-18 20:36:13,705:INFO:Performing BM25 search for query: 'Weight decomposed low rank adaptation'
2025-11-18 20:36:13,707:INFO:BM25 search returned 5 results.
2025-11-18 20:36:13,707:INFO:Hybrid search returned 5 results.
2025-11-18 20:36:13,953:INFO:Opened PDF: /Users/ammar/Downloads/2402.09353v6.pdf
2025-11-18 20:36:14,087:INFO:Opened PDF: /Users/ammar/Downloads/Artificial Intelligence - A Modern Approach (3rd Edition).pdf
2025-11-18 20:36:14,180:INFO:Opened PDF: /Users/ammar/Downloads/7_Backprop_Export.pdf
